2014-01-21 18:00:13.019 Tangerine[6051:80b] Multi-tasking -> Device: YES, App: YES
2014-01-21 18:00:13.034 Tangerine[6051:80b] Unlimited access to network resources
2014-01-21 18:00:13.391 Tangerine[6051:80b] Resetting plugins due to page load.
2014-01-21 18:00:13.513 Tangerine[6051:80b] Finished load of: file:///Users/chrisk/Library/Application%20Support/iPhone%20Simulator/7.0.3/Applications/2AF36612-B84A-410B-BB63-73DD272D484D/Tangerine.app/www/index.html
2014-01-21 18:00:13.528 Tangerine[6051:80b] ERROR: Plugin 'Device' not found, or is not a CDVPlugin. Check your plugin mapping in config.xml.
2014-01-21 18:00:13.529 Tangerine[6051:80b] -[CDVCommandQueue executePending] [Line 117] FAILED pluginJSON = [
  "Device452294470",
  "Device",
  "getDeviceInfo",
  [

  ]
]
2014-01-21 18:00:13.529 Tangerine[6051:80b] ERROR: Plugin 'NetworkStatus' not found, or is not a CDVPlugin. Check your plugin mapping in config.xml.
2014-01-21 18:00:13.530 Tangerine[6051:80b] -[CDVCommandQueue executePending] [Line 117] FAILED pluginJSON = [
  "NetworkStatus452294471",
  "NetworkStatus",
  "getConnectionInfo",
  [

  ]
]
2014-01-21 18:00:18.449 Tangerine[6051:80b] ERROR: Plugin 'Logger' not found, or is not a CDVPlugin. Check your plugin mapping in config.xml.
2014-01-21 18:00:18.450 Tangerine[6051:80b] -[CDVCommandQueue executePending] [Line 117] FAILED pluginJSON = [
  "INVALID",
  "Logger",
  "logLevel",
  [
    "LOG",
    "deviceready has not fired after 5 seconds."
  ]
]
2014-01-21 18:00:18.450 Tangerine[6051:80b] ERROR: Plugin 'Logger' not found, or is not a CDVPlugin. Check your plugin mapping in config.xml.
2014-01-21 18:00:18.451 Tangerine[6051:80b] -[CDVCommandQueue executePending] [Line 117] FAILED pluginJSON = [
  "INVALID",
  "Logger",
  "logLevel",
  [
    "LOG",
    "Channel not fired: onCordovaConnectionReady"
  ]
]
2014-01-21 18:00:18.451 Tangerine[6051:80b] ERROR: Plugin 'Logger' not found, or is not a CDVPlugin. Check your plugin mapping in config.xml.
2014-01-21 18:00:18.452 Tangerine[6051:80b] -[CDVCommandQueue executePending] [Line 117] FAILED pluginJSON = [
  "INVALID",
  "Logger",
  "logLevel",
  [
    "LOG",
    "Channel not fired: onCordovaInfoReady"
  ]
]
2014-01-21 18:07:00.349 Tangerine[7962:80b] Multi-tasking -> Device: YES, App: YES
2014-01-21 18:07:00.372 Tangerine[7962:80b] Unlimited access to network resources
2014-01-21 18:07:00.590 Tangerine[7962:80b] Resetting plugins due to page load.
2014-01-21 18:07:00.823 Tangerine[7962:80b] ERROR: Plugin 'Device' not found, or is not a CDVPlugin. Check your plugin mapping in config.xml.
2014-01-21 18:07:00.823 Tangerine[7962:80b] -[CDVCommandQueue executePending] [Line 117] FAILED pluginJSON = [
  "Device1010751953",
  "Device",
  "getDeviceInfo",
  [

  ]
]
2014-01-21 18:07:00.824 Tangerine[7962:80b] ERROR: Plugin 'NetworkStatus' not found, or is not a CDVPlugin. Check your plugin mapping in config.xml.
2014-01-21 18:07:00.824 Tangerine[7962:80b] -[CDVCommandQueue executePending] [Line 117] FAILED pluginJSON = [
  "NetworkStatus1010751954",
  "NetworkStatus",
  "getConnectionInfo",
  [

  ]
]
2014-01-21 18:07:00.828 Tangerine[7962:80b] Finished load of: file:///Users/chrisk/Library/Application%20Support/iPhone%20Simulator/7.0.3/Applications/2AF36612-B84A-410B-BB63-73DD272D484D/Tangerine.app/www/index.html
2014-01-21 18:08:58.075 Tangerine[7962:80b] Received memory warning.
2014-01-21 19:22:05.654 Tangerine[10854:80b] Multi-tasking -> Device: YES, App: YES
2014-01-21 19:22:05.660 Tangerine[10854:80b] Unlimited access to network resources
2014-01-21 19:22:05.750 Tangerine[10854:80b] Resetting plugins due to page load.
2014-01-21 19:22:05.839 Tangerine[10854:80b] ERROR: Plugin 'Device' not found, or is not a CDVPlugin. Check your plugin mapping in config.xml.
2014-01-21 19:22:05.839 Tangerine[10854:80b] -[CDVCommandQueue executePending] [Line 117] FAILED pluginJSON = [
  "Device505970614",
  "Device",
  "getDeviceInfo",
  [

  ]
]
2014-01-21 19:22:05.839 Tangerine[10854:80b] ERROR: Plugin 'NetworkStatus' not found, or is not a CDVPlugin. Check your plugin mapping in config.xml.
2014-01-21 19:22:05.840 Tangerine[10854:80b] -[CDVCommandQueue executePending] [Line 117] FAILED pluginJSON = [
  "NetworkStatus505970615",
  "NetworkStatus",
  "getConnectionInfo",
  [

  ]
]
2014-01-21 19:22:05.982 Tangerine[10854:80b] Finished load of: file:///Users/chrisk/Library/Application%20Support/iPhone%20Simulator/7.0.3/Applications/2AF36612-B84A-410B-BB63-73DD272D484D/Tangerine.app/www/index.html
Terminating in response to SpringBoard's termination.
2014-01-24 11:37:07.125 Tangerine[3986:80b] Multi-tasking -> Device: YES, App: YES
2014-01-24 11:37:07.139 Tangerine[3986:80b] Unlimited access to network resources
2014-01-24 11:37:07.396 Tangerine[3986:80b] Resetting plugins due to page load.
2014-01-24 11:37:07.496 Tangerine[3986:80b] ERROR: Plugin 'Device' not found, or is not a CDVPlugin. Check your plugin mapping in config.xml.
2014-01-24 11:37:07.497 Tangerine[3986:80b] -[CDVCommandQueue executePending] [Line 117] FAILED pluginJSON = [
  "Device1345465849",
  "Device",
  "getDeviceInfo",
  [

  ]
]
2014-01-24 11:37:07.497 Tangerine[3986:80b] ERROR: Plugin 'NetworkStatus' not found, or is not a CDVPlugin. Check your plugin mapping in config.xml.
2014-01-24 11:37:07.497 Tangerine[3986:80b] -[CDVCommandQueue executePending] [Line 117] FAILED pluginJSON = [
  "NetworkStatus1345465850",
  "NetworkStatus",
  "getConnectionInfo",
  [

  ]
]
2014-01-24 11:37:07.619 Tangerine[3986:80b] Finished load of: file:///Users/chrisk/Library/Application%20Support/iPhone%20Simulator/7.0.3/Applications/2AF36612-B84A-410B-BB63-73DD272D484D/Tangerine.app/www/index.html
2014-01-24 11:39:15.662 Tangerine[5888:80b] Multi-tasking -> Device: YES, App: YES
2014-01-24 11:39:15.670 Tangerine[5888:80b] Unlimited access to network resources
2014-01-24 11:39:15.767 Tangerine[5888:80b] Resetting plugins due to page load.
2014-01-24 11:39:15.826 Tangerine[5888:80b] ERROR: Plugin 'Device' not found, or is not a CDVPlugin. Check your plugin mapping in config.xml.
2014-01-24 11:39:15.827 Tangerine[5888:80b] -[CDVCommandQueue executePending] [Line 117] FAILED pluginJSON = [
  "Device836648937",
  "Device",
  "getDeviceInfo",
  [

  ]
]
2014-01-24 11:39:15.828 Tangerine[5888:80b] ERROR: Plugin 'NetworkStatus' not found, or is not a CDVPlugin. Check your plugin mapping in config.xml.
2014-01-24 11:39:15.828 Tangerine[5888:80b] -[CDVCommandQueue executePending] [Line 117] FAILED pluginJSON = [
  "NetworkStatus836648938",
  "NetworkStatus",
  "getConnectionInfo",
  [

  ]
]
2014-01-24 11:39:15.954 Tangerine[5888:80b] Finished load of: file:///Users/chrisk/Library/Application%20Support/iPhone%20Simulator/7.0.3/Applications/9A24857A-F484-4233-89EC-CB74E95806A8/Tangerine.app/www/index.html
2014-01-24 11:58:03.247 Tangerine[10504:80b] Multi-tasking -> Device: YES, App: YES
2014-01-24 11:58:03.252 Tangerine[10504:80b] Unlimited access to network resources
2014-01-24 11:58:03.345 Tangerine[10504:80b] Resetting plugins due to page load.
2014-01-24 11:58:03.395 Tangerine[10504:80b] ERROR: Plugin 'Device' not found, or is not a CDVPlugin. Check your plugin mapping in config.xml.
2014-01-24 11:58:03.396 Tangerine[10504:80b] -[CDVCommandQueue executePending] [Line 117] FAILED pluginJSON = [
  "Device1215011643",
  "Device",
  "getDeviceInfo",
  [

  ]
]
2014-01-24 11:58:03.396 Tangerine[10504:80b] ERROR: Plugin 'NetworkStatus' not found, or is not a CDVPlugin. Check your plugin mapping in config.xml.
2014-01-24 11:58:03.396 Tangerine[10504:80b] -[CDVCommandQueue executePending] [Line 117] FAILED pluginJSON = [
  "NetworkStatus1215011644",
  "NetworkStatus",
  "getConnectionInfo",
  [

  ]
]
2014-01-24 11:58:03.537 Tangerine[10504:80b] Finished load of: file:///Users/chrisk/Library/Application%20Support/iPhone%20Simulator/7.0.3/Applications/9A24857A-F484-4233-89EC-CB74E95806A8/Tangerine.app/www/index.html
2014-01-24 12:18:36.127 Tangerine[12563:80b] Multi-tasking -> Device: YES, App: YES
2014-01-24 12:18:36.131 Tangerine[12563:80b] Unlimited access to network resources
2014-01-24 12:18:36.208 Tangerine[12563:80b] Resetting plugins due to page load.
2014-01-24 12:18:36.270 Tangerine[12563:80b] ERROR: Plugin 'Device' not found, or is not a CDVPlugin. Check your plugin mapping in config.xml.
2014-01-24 12:18:36.270 Tangerine[12563:80b] -[CDVCommandQueue executePending] [Line 117] FAILED pluginJSON = [
  "Device1806765541",
  "Device",
  "getDeviceInfo",
  [

  ]
]
2014-01-24 12:18:36.271 Tangerine[12563:80b] ERROR: Plugin 'NetworkStatus' not found, or is not a CDVPlugin. Check your plugin mapping in config.xml.
2014-01-24 12:18:36.271 Tangerine[12563:80b] -[CDVCommandQueue executePending] [Line 117] FAILED pluginJSON = [
  "NetworkStatus1806765542",
  "NetworkStatus",
  "getConnectionInfo",
  [

  ]
]
2014-01-24 12:18:36.410 Tangerine[12563:80b] Finished load of: file:///Users/chrisk/Library/Application%20Support/iPhone%20Simulator/7.0.3/Applications/9A24857A-F484-4233-89EC-CB74E95806A8/Tangerine.app/www/index.html
Terminating in response to SpringBoard's termination.
2014-01-24 12:25:47.598 Tangerine[14451:80b] Multi-tasking -> Device: YES, App: YES
2014-01-24 12:25:47.603 Tangerine[14451:80b] Unlimited access to network resources
2014-01-24 12:25:47.690 Tangerine[14451:80b] Resetting plugins due to page load.
2014-01-24 12:25:47.866 Tangerine[14451:80b] Finished load of: file:///Users/chrisk/Library/Application%20Support/iPhone%20Simulator/7.0.3/Applications/9A24857A-F484-4233-89EC-CB74E95806A8/Tangerine.app/www/index.html
2014-01-24 12:25:59.813 Tangerine[14451:80b] Resetting plugins due to page load.
2014-01-24 12:26:10.983 Tangerine[14451:80b] Finished load of: file:///Users/chrisk/Library/Application%20Support/iPhone%20Simulator/7.0.3/Applications/9A24857A-F484-4233-89EC-CB74E95806A8/Tangerine.app/www/index.html
2014-01-24 12:29:37.354 Tangerine[16287:80b] Multi-tasking -> Device: YES, App: YES
2014-01-24 12:29:37.360 Tangerine[16287:80b] Unlimited access to network resources
2014-01-24 12:29:37.425 Tangerine[16287:80b] Resetting plugins due to page load.
2014-01-24 12:29:37.710 Tangerine[16287:80b] Finished load of: file:///Users/chrisk/Library/Application%20Support/iPhone%20Simulator/7.0.3/Applications/9A24857A-F484-4233-89EC-CB74E95806A8/Tangerine.app/www/index.html
2014-01-24 12:30:48.618 Tangerine[16287:80b] Resetting plugins due to page load.
2014-01-24 12:30:49.040 Tangerine[16287:80b] Finished load of: file:///Users/chrisk/Library/Application%20Support/iPhone%20Simulator/7.0.3/Applications/9A24857A-F484-4233-89EC-CB74E95806A8/Tangerine.app/www/index.html#assessments
2014-01-24 13:42:27.685 Tangerine[16287:80b] Resetting plugins due to page load.
2014-01-24 13:42:28.126 Tangerine[16287:80b] Finished load of: file:///Users/chrisk/Library/Application%20Support/iPhone%20Simulator/7.0.3/Applications/9A24857A-F484-4233-89EC-CB74E95806A8/Tangerine.app/www/index.html#assessments
2014-01-28 18:29:44.862 HelloWorld[56636:80b] Multi-tasking -> Device: YES, App: YES
2014-01-28 18:29:44.878 HelloWorld[56636:80b] Unlimited access to network resources
2014-01-28 18:29:45.192 HelloWorld[56636:80b] Resetting plugins due to page load.
2014-01-28 18:29:45.493 HelloWorld[56636:80b] Finished load of: file:///Users/chrisk/Library/Application%20Support/iPhone%20Simulator/7.0.3/Applications/C6C74658-8846-471F-B7B9-B83BF03C4A68/HelloWorld.app/www/index.html
2014-01-28 18:29:58.486 HelloWorld[56636:80b] Resetting plugins due to page load.
2014-01-28 18:29:58.488 HelloWorld[56636:80b] Failed to load webpage with error: Frame load interrupted
